# JRE version: Java(TM) SE Runtime Environment (8.0_111-b14) (build 1.8.0_111-b14)
# Java VM: Java HotSpot(TM) 64-Bit Server VM (25.111-b14 mixed mode windows-amd64 compressed oops)
Heap:
 PSYoungGen      total 16896K, used 1404K [0x00000000ed980000, 0x00000000eec00000, 0x0000000100000000)
  eden space 14848K, 9% used [0x00000000ed980000,0x00000000edadf3a0,0x00000000ee800000)
  from space 2048K, 0% used [0x00000000eea00000,0x00000000eea00000,0x00000000eec00000)
  to   space 2048K, 0% used [0x00000000ee800000,0x00000000ee800000,0x00000000eea00000)
 ParOldGen       total 29184K, used 3817K [0x00000000c8c00000, 0x00000000ca880000, 0x00000000ed980000)
  object space 29184K, 13% used [0x00000000c8c00000,0x00000000c8fba4b0,0x00000000ca880000)
 Metaspace       used 13848K, capacity 14119K, committed 14464K, reserved 1071104K
  class space    used 1720K, capacity 1793K, committed 1920K, reserved 1048576K
GC Heap History (8 events):
Event: 0.571 GC heap before
{Heap before GC invocations=1 (full 0):
 PSYoungGen      total 16896K, used 4753K [0x00000000ed980000, 0x00000000eec00000, 0x0000000100000000)
  eden space 14848K, 32% used [0x00000000ed980000,0x00000000ede24698,0x00000000ee800000)
  from space 2048K, 0% used [0x00000000eea00000,0x00000000eea00000,0x00000000eec00000)
  to   space 2048K, 0% used [0x00000000ee800000,0x00000000ee800000,0x00000000eea00000)
 ParOldGen       total 38400K, used 0K [0x00000000c8c00000, 0x00000000cb180000, 0x00000000ed980000)
  object space 38400K, 0% used [0x00000000c8c00000,0x00000000c8c00000,0x00000000cb180000)
 Metaspace       used 9071K, capacity 9184K, committed 9216K, reserved 1064960K
  class space    used 1174K, capacity 1250K, committed 1280K, reserved 1048576K
Event: 0.573 GC heap after
Heap after GC invocations=1 (full 0):
 PSYoungGen      total 16896K, used 1568K [0x00000000ed980000, 0x00000000eec00000, 0x0000000100000000)
  eden space 14848K, 0% used [0x00000000ed980000,0x00000000ed980000,0x00000000ee800000)
  from space 2048K, 76% used [0x00000000ee800000,0x00000000ee988000,0x00000000eea00000)
  to   space 2048K, 0% used [0x00000000eea00000,0x00000000eea00000,0x00000000eec00000)
 ParOldGen       total 38400K, used 8K [0x00000000c8c00000, 0x00000000cb180000, 0x00000000ed980000)
  object space 38400K, 0% used [0x00000000c8c00000,0x00000000c8c02000,0x00000000cb180000)
 Metaspace       used 9071K, capacity 9184K, committed 9216K, reserved 1064960K
  class space    used 1174K, capacity 1250K, committed 1280K, reserved 1048576K
}
Event: 0.573 GC heap before
{Heap before GC invocations=2 (full 1):
 PSYoungGen      total 16896K, used 1568K [0x00000000ed980000, 0x00000000eec00000, 0x0000000100000000)
  eden space 14848K, 0% used [0x00000000ed980000,0x00000000ed980000,0x00000000ee800000)
  from space 2048K, 76% used [0x00000000ee800000,0x00000000ee988000,0x00000000eea00000)
  to   space 2048K, 0% used [0x00000000eea00000,0x00000000eea00000,0x00000000eec00000)
 ParOldGen       total 38400K, used 8K [0x00000000c8c00000, 0x00000000cb180000, 0x00000000ed980000)
  object space 38400K, 0% used [0x00000000c8c00000,0x00000000c8c02000,0x00000000cb180000)
 Metaspace       used 9071K, capacity 9184K, committed 9216K, reserved 1064960K
  class space    used 1174K, capacity 1250K, committed 1280K, reserved 1048576K
Event: 0.589 GC heap after
Heap after GC invocations=2 (full 1):
 PSYoungGen      total 16896K, used 0K [0x00000000ed980000, 0x00000000eec00000, 0x0000000100000000)
  eden space 14848K, 0% used [0x00000000ed980000,0x00000000ed980000,0x00000000ee800000)
  from space 2048K, 0% used [0x00000000ee800000,0x00000000ee800000,0x00000000eea00000)
  to   space 2048K, 0% used [0x00000000eea00000,0x00000000eea00000,0x00000000eec00000)
 ParOldGen       total 29184K, used 1461K [0x00000000c8c00000, 0x00000000ca880000, 0x00000000ed980000)
  object space 29184K, 5% used [0x00000000c8c00000,0x00000000c8d6d5b0,0x00000000ca880000)
 Metaspace       used 9071K, capacity 9184K, committed 9216K, reserved 1062912K
  class space    used 1174K, capacity 1250K, committed 1280K, reserved 1048576K
}
Event: 0.956 GC heap before
{Heap before GC invocations=3 (full 1):
 PSYoungGen      total 16896K, used 8459K [0x00000000ed980000, 0x00000000eec00000, 0x0000000100000000)
  eden space 14848K, 56% used [0x00000000ed980000,0x00000000ee1c2e30,0x00000000ee800000)
  from space 2048K, 0% used [0x00000000ee800000,0x00000000ee800000,0x00000000eea00000)
  to   space 2048K, 0% used [0x00000000eea00000,0x00000000eea00000,0x00000000eec00000)
 ParOldGen       total 29184K, used 1461K [0x00000000c8c00000, 0x00000000ca880000, 0x00000000ed980000)
  object space 29184K, 5% used [0x00000000c8c00000,0x00000000c8d6d5b0,0x00000000ca880000)
 Metaspace       used 13741K, capacity 13991K, committed 14208K, reserved 1079296K
  class space    used 1712K, capacity 1793K, committed 1920K, reserved 1048576K
Event: 0.959 GC heap after
Heap after GC invocations=3 (full 1):
 PSYoungGen      total 16896K, used 2033K [0x00000000ed980000, 0x00000000eec00000, 0x0000000100000000)
  eden space 14848K, 0% used [0x00000000ed980000,0x00000000ed980000,0x00000000ee800000)
  from space 2048K, 99% used [0x00000000eea00000,0x00000000eebfc698,0x00000000eec00000)
  to   space 2048K, 0% used [0x00000000ee800000,0x00000000ee800000,0x00000000eea00000)
 ParOldGen       total 29184K, used 1965K [0x00000000c8c00000, 0x00000000ca880000, 0x00000000ed980000)
  object space 29184K, 6% used [0x00000000c8c00000,0x00000000c8deb588,0x00000000ca880000)
 Metaspace       used 13741K, capacity 13991K, committed 14208K, reserved 1079296K
  class space    used 1712K, capacity 1793K, committed 1920K, reserved 1048576K
}
Event: 0.959 GC heap before
{Heap before GC invocations=4 (full 2):
 PSYoungGen      total 16896K, used 2033K [0x00000000ed980000, 0x00000000eec00000, 0x0000000100000000)
  eden space 14848K, 0% used [0x00000000ed980000,0x00000000ed980000,0x00000000ee800000)
  from space 2048K, 99% used [0x00000000eea00000,0x00000000eebfc698,0x00000000eec00000)
  to   space 2048K, 0% used [0x00000000ee800000,0x00000000ee800000,0x00000000eea00000)
 ParOldGen       total 29184K, used 1965K [0x00000000c8c00000, 0x00000000ca880000, 0x00000000ed980000)
  object space 29184K, 6% used [0x00000000c8c00000,0x00000000c8deb588,0x00000000ca880000)
 Metaspace       used 13741K, capacity 13991K, committed 14208K, reserved 1079296K
  class space    used 1712K, capacity 1793K, committed 1920K, reserved 1048576K
Event: 0.984 GC heap after
Heap after GC invocations=4 (full 2):
 PSYoungGen      total 16896K, used 0K [0x00000000ed980000, 0x00000000eec00000, 0x0000000100000000)
  eden space 14848K, 0% used [0x00000000ed980000,0x00000000ed980000,0x00000000ee800000)
  from space 2048K, 0% used [0x00000000eea00000,0x00000000eea00000,0x00000000eec00000)
  to   space 2048K, 0% used [0x00000000ee800000,0x00000000ee800000,0x00000000eea00000)
 ParOldGen       total 29184K, used 3817K [0x00000000c8c00000, 0x00000000ca880000, 0x00000000ed980000)
  object space 29184K, 13% used [0x00000000c8c00000,0x00000000c8fba4b0,0x00000000ca880000)
 Metaspace       used 13741K, capacity 13991K, committed 14208K, reserved 1071104K
  class space    used 1712K, capacity 1793K, committed 1920K, reserved 1048576K
}

